<?xml version="1.0" encoding="UTF-8"?>
<!-- Generated by org.testng.reporters.JUnitXMLReporter -->
<testsuite hostname="MIT-FJHR-L" ignored="0" name="Test" tests="5" failures="1" timestamp="31 Mar 2021 18:29:54 GMT" time="11.374" errors="0">
  <testcase name="TestCase1" time="0.271" classname="com.automationTask.AdvanceLevel.TestCase"/>
  <testcase name="TestCase2" time="0.316" classname="com.automationTask.AdvanceLevel.TestCase"/>
  <testcase name="TestCase1" time="0.269" classname="com.automationTask.AdvanceLevel.TestCase"/>
  <testcase name="TestCase3" time="0.18" classname="com.automationTask.AdvanceLevel.TestCase"/>
  <testcase name="TestCase4" time="0.222" classname="com.automationTask.AdvanceLevel.TestCase">
    <failure type="junit.framework.ComparisonFailure" message="expected:&amp;lt;......&amp;gt; but was:&amp;lt;...a...&amp;gt;">
      <![CDATA[junit.framework.ComparisonFailure: expected:<......> but was:<...a...>
at junit.framework.Assert.assertEquals(Assert.java:81)
at junit.framework.Assert.assertEquals(Assert.java:87)
at com.automationTask.AdvanceLevel.TestCase.TestCase4(TestCase.java:56)
at java.util.concurrent.ThreadPoolExecutor.runWorker(ThreadPoolExecutor.java:1149)
at java.util.concurrent.ThreadPoolExecutor$Worker.run(ThreadPoolExecutor.java:624)
at java.lang.Thread.run(Thread.java:819)
... Removed 10 stack frames]]>
    </failure>
  </testcase> <!-- TestCase4 -->
</testsuite> <!-- Test -->
