<?xml version="1.0" encoding="UTF-8"?>
<testng-results skipped="0" failed="1" ignored="0" total="5" passed="4">
  <reporter-output>
  </reporter-output>
  <suite name="Suite" duration-ms="11374" started-at="2021-03-31T18:29:43Z" finished-at="2021-03-31T18:29:54Z">
    <groups>
    </groups>
    <test name="Test" duration-ms="11374" started-at="2021-03-31T18:29:43Z" finished-at="2021-03-31T18:29:54Z">
      <class name="com.automationTask.AdvanceLevel.TestCase">
        <test-method status="PASS" signature="LaunchApplication()[pri:0, instance:com.automationTask.AdvanceLevel.TestCase@bb6b246f]" name="LaunchApplication" is-config="true" duration-ms="3964" started-at="2021-03-31T18:29:43Z" finished-at="2021-03-31T18:29:47Z">
          <reporter-output>
          </reporter-output>
        </test-method> <!-- LaunchApplication -->
        <test-method status="PASS" signature="LaunchApplication()[pri:0, instance:com.automationTask.AdvanceLevel.TestCase@bb6b246f]" name="LaunchApplication" is-config="true" duration-ms="3903" started-at="2021-03-31T18:29:43Z" finished-at="2021-03-31T18:29:47Z">
          <reporter-output>
          </reporter-output>
        </test-method> <!-- LaunchApplication -->
        <test-method status="PASS" signature="TestCase1(java.lang.Object)[pri:0, instance:com.automationTask.AdvanceLevel.TestCase@bb6b246f]" name="TestCase1" duration-ms="271" started-at="2021-03-31T18:29:47Z" data-provider="TestData" finished-at="2021-03-31T18:29:47Z">
          <params>
            <param index="0">
              <value>
                <![CDATA[{UserName=navya, TestCaseName=TestCase1, Sr No=1, Password=password1}]]>
              </value>
            </param>
          </params>
          <reporter-output>
          </reporter-output>
        </test-method> <!-- TestCase1 -->
        <test-method status="PASS" signature="TestCase2()[pri:0, instance:com.automationTask.AdvanceLevel.TestCase@bb6b246f]" name="TestCase2" duration-ms="316" started-at="2021-03-31T18:29:47Z" finished-at="2021-03-31T18:29:47Z">
          <reporter-output>
          </reporter-output>
        </test-method> <!-- TestCase2 -->
        <test-method status="PASS" signature="tearDown()[pri:0, instance:com.automationTask.AdvanceLevel.TestCase@bb6b246f]" name="tearDown" is-config="true" duration-ms="90" started-at="2021-03-31T18:29:47Z" finished-at="2021-03-31T18:29:47Z">
          <reporter-output>
          </reporter-output>
        </test-method> <!-- tearDown -->
        <test-method status="PASS" signature="LaunchApplication()[pri:0, instance:com.automationTask.AdvanceLevel.TestCase@bb6b246f]" name="LaunchApplication" is-config="true" duration-ms="3184" started-at="2021-03-31T18:29:47Z" finished-at="2021-03-31T18:29:51Z">
          <reporter-output>
          </reporter-output>
        </test-method> <!-- LaunchApplication -->
        <test-method status="PASS" signature="tearDown()[pri:0, instance:com.automationTask.AdvanceLevel.TestCase@bb6b246f]" name="tearDown" is-config="true" duration-ms="142" started-at="2021-03-31T18:29:47Z" finished-at="2021-03-31T18:29:48Z">
          <reporter-output>
          </reporter-output>
        </test-method> <!-- tearDown -->
        <test-method status="PASS" signature="LaunchApplication()[pri:0, instance:com.automationTask.AdvanceLevel.TestCase@bb6b246f]" name="LaunchApplication" is-config="true" duration-ms="3572" started-at="2021-03-31T18:29:48Z" finished-at="2021-03-31T18:29:51Z">
          <reporter-output>
          </reporter-output>
        </test-method> <!-- LaunchApplication -->
        <test-method status="PASS" signature="TestCase1(java.lang.Object)[pri:0, instance:com.automationTask.AdvanceLevel.TestCase@bb6b246f]" name="TestCase1" duration-ms="269" started-at="2021-03-31T18:29:51Z" data-provider="TestData" finished-at="2021-03-31T18:29:51Z">
          <params>
            <param index="0">
              <value>
                <![CDATA[{UserName=navya1, TestCaseName=TestCase2, Sr No=2, Password=password2}]]>
              </value>
            </param>
          </params>
          <reporter-output>
          </reporter-output>
        </test-method> <!-- TestCase1 -->
        <test-method status="PASS" signature="tearDown()[pri:0, instance:com.automationTask.AdvanceLevel.TestCase@bb6b246f]" name="tearDown" is-config="true" duration-ms="115" started-at="2021-03-31T18:29:51Z" finished-at="2021-03-31T18:29:51Z">
          <reporter-output>
          </reporter-output>
        </test-method> <!-- tearDown -->
        <test-method status="PASS" signature="LaunchApplication()[pri:0, instance:com.automationTask.AdvanceLevel.TestCase@bb6b246f]" name="LaunchApplication" is-config="true" duration-ms="2716" started-at="2021-03-31T18:29:51Z" finished-at="2021-03-31T18:29:54Z">
          <reporter-output>
          </reporter-output>
        </test-method> <!-- LaunchApplication -->
        <test-method status="PASS" signature="TestCase3()[pri:0, instance:com.automationTask.AdvanceLevel.TestCase@bb6b246f]" name="TestCase3" duration-ms="180" started-at="2021-03-31T18:29:51Z" finished-at="2021-03-31T18:29:51Z">
          <reporter-output>
          </reporter-output>
        </test-method> <!-- TestCase3 -->
        <test-method status="PASS" signature="tearDown()[pri:0, instance:com.automationTask.AdvanceLevel.TestCase@bb6b246f]" name="tearDown" is-config="true" duration-ms="93" started-at="2021-03-31T18:29:51Z" finished-at="2021-03-31T18:29:51Z">
          <reporter-output>
          </reporter-output>
        </test-method> <!-- tearDown -->
        <test-method status="FAIL" signature="TestCase4()[pri:0, instance:com.automationTask.AdvanceLevel.TestCase@bb6b246f]" name="TestCase4" duration-ms="222" started-at="2021-03-31T18:29:54Z" finished-at="2021-03-31T18:29:54Z">
          <exception class="junit.framework.ComparisonFailure">
            <message>
              <![CDATA[expected:<......> but was:<...a...>]]>
            </message>
            <full-stacktrace>
              <![CDATA[junit.framework.ComparisonFailure: expected:<......> but was:<...a...>
at junit.framework.Assert.assertEquals(Assert.java:81)
at junit.framework.Assert.assertEquals(Assert.java:87)
at com.automationTask.AdvanceLevel.TestCase.TestCase4(TestCase.java:56)
at sun.reflect.NativeMethodAccessorImpl.invoke0(Native Method)
at sun.reflect.NativeMethodAccessorImpl.invoke(NativeMethodAccessorImpl.java:62)
at sun.reflect.DelegatingMethodAccessorImpl.invoke(DelegatingMethodAccessorImpl.java:43)
at java.lang.reflect.Method.invoke(Method.java:498)
at org.testng.internal.MethodInvocationHelper.invokeMethod(MethodInvocationHelper.java:124)
at org.testng.internal.Invoker.invokeMethod(Invoker.java:583)
at org.testng.internal.Invoker.invokeTestMethod(Invoker.java:719)
at org.testng.internal.Invoker.invokeTestMethods(Invoker.java:989)
at org.testng.internal.TestMethodWorker.invokeTestMethods(TestMethodWorker.java:125)
at org.testng.internal.TestMethodWorker.run(TestMethodWorker.java:109)
at java.util.concurrent.ThreadPoolExecutor.runWorker(ThreadPoolExecutor.java:1149)
at java.util.concurrent.ThreadPoolExecutor$Worker.run(ThreadPoolExecutor.java:624)
at java.lang.Thread.run(Thread.java:819)
]]>
            </full-stacktrace>
          </exception> <!-- junit.framework.ComparisonFailure -->
          <reporter-output>
          </reporter-output>
        </test-method> <!-- TestCase4 -->
        <test-method status="PASS" signature="tearDown()[pri:0, instance:com.automationTask.AdvanceLevel.TestCase@bb6b246f]" name="tearDown" is-config="true" duration-ms="75" started-at="2021-03-31T18:29:54Z" finished-at="2021-03-31T18:29:54Z">
          <reporter-output>
          </reporter-output>
        </test-method> <!-- tearDown -->
      </class> <!-- com.automationTask.AdvanceLevel.TestCase -->
    </test> <!-- Test -->
  </suite> <!-- Suite -->
</testng-results>
